{"dist/annyang.min.js":{"path":"dist/annyang.min.js","s":{"1":1,"2":0,"3":12,"4":1,"5":1,"6":0,"7":1,"8":1,"9":0,"10":1,"11":106,"12":41,"13":551,"14":292,"15":551,"16":1176,"17":407,"18":26,"19":274,"20":116,"21":87,"22":87,"23":199,"24":199,"25":417,"26":417,"27":59,"28":59,"29":28,"30":1,"31":1,"32":1,"33":162,"34":53,"35":0,"36":0,"37":0,"38":0,"39":162,"40":88,"41":88,"42":50,"43":83,"44":3,"45":80,"46":400,"47":80,"48":186,"49":186,"50":186,"51":24,"52":133,"53":16,"54":9,"55":119,"56":119,"57":2,"58":86,"59":86,"60":86,"61":118,"62":118,"63":106,"64":12,"65":2,"66":2,"67":10,"68":90,"69":30,"70":34,"71":7,"72":23,"73":62,"74":62,"75":10,"76":11,"77":10,"78":100,"79":54,"80":87,"81":11},"b":{"1":[0,1],"2":[1,0],"3":[0,12],"4":[12,12,0,0],"5":[0,1],"6":[1,0],"7":[0,1],"8":[1,0],"9":[1,0],"10":[1,0],"11":[1,0,0,0,0],"12":[0,1],"13":[10,31],"14":[20,6],"15":[26,7],"16":[20,0],"17":[274,1],"18":[116,6],"19":[199,9],"20":[59,358],"21":[59,3],"22":[3,1],"23":[1,1],"24":[1,1],"25":[1,0,0],"26":[0,0,0],"27":[0,0],"28":[88,74],"29":[88,4,2],"30":[88,0],"31":[3,80],"32":[3,1],"33":[1,0],"34":[1,0],"35":[186,122],"36":[186,51],"37":[186,4],"38":[186,10],"39":[24,2],"40":[133,130],"41":[119,118],"42":[119,118],"43":[118,0],"44":[106,12],"45":[118,117],"46":[2,10],"47":[12,10],"48":[0,12],"49":[2,1],"50":[84,6],"51":[1,5],"52":[7,27],"53":[62,62],"54":[62,59,59],"55":[59,57],"56":[100,100,40,63],"57":[51,12],"58":[54,35],"59":[7,4],"60":[7,5],"61":[4,1],"62":[0,1]},"f":{"1":0,"2":12,"3":1,"4":0,"5":1,"6":106,"7":41,"8":551,"9":1176,"10":407,"11":26,"12":274,"13":116,"14":87,"15":1,"16":162,"17":53,"18":0,"19":162,"20":50,"21":83,"22":186,"23":133,"24":16,"25":9,"26":119,"27":2,"28":86,"29":90,"30":30,"31":62,"32":10,"33":11,"34":54,"35":87,"36":11},"fnMap":{"1":{"name":"(anonymous_1)","line":1,"loc":{"start":{"line":1,"column":85},"end":{"line":1,"column":96}}},"2":{"name":"(anonymous_2)","line":1,"loc":{"start":{"line":1,"column":114},"end":{"line":1,"column":125}}},"3":{"name":"(anonymous_3)","line":7,"loc":{"start":{"line":7,"column":1},"end":{"line":7,"column":14}}},"4":{"name":"(anonymous_4)","line":7,"loc":{"start":{"line":7,"column":63},"end":{"line":7,"column":73}}},"5":{"name":"(anonymous_5)","line":7,"loc":{"start":{"line":7,"column":259},"end":{"line":7,"column":272}}},"6":{"name":"(anonymous_6)","line":7,"loc":{"start":{"line":7,"column":739},"end":{"line":7,"column":750}}},"7":{"name":"(anonymous_7)","line":7,"loc":{"start":{"line":7,"column":811},"end":{"line":7,"column":824}}},"8":{"name":"(anonymous_8)","line":7,"loc":{"start":{"line":7,"column":923},"end":{"line":7,"column":934}}},"9":{"name":"(anonymous_9)","line":7,"loc":{"start":{"line":7,"column":1023},"end":{"line":7,"column":1034}}},"10":{"name":"(anonymous_10)","line":7,"loc":{"start":{"line":7,"column":1070},"end":{"line":7,"column":1080}}},"11":{"name":"(anonymous_11)","line":7,"loc":{"start":{"line":7,"column":1097},"end":{"line":7,"column":1110}}},"12":{"name":"(anonymous_12)","line":7,"loc":{"start":{"line":7,"column":1173},"end":{"line":7,"column":1183}}},"13":{"name":"(anonymous_13)","line":7,"loc":{"start":{"line":7,"column":1206},"end":{"line":7,"column":1221}}},"14":{"name":"(anonymous_14)","line":7,"loc":{"start":{"line":7,"column":1317},"end":{"line":7,"column":1328}}},"15":{"name":"(anonymous_15)","line":7,"loc":{"start":{"line":7,"column":1703},"end":{"line":7,"column":1714}}},"16":{"name":"(anonymous_16)","line":7,"loc":{"start":{"line":7,"column":1893},"end":{"line":7,"column":1903}}},"17":{"name":"(anonymous_17)","line":7,"loc":{"start":{"line":7,"column":1936},"end":{"line":7,"column":1946}}},"18":{"name":"(anonymous_18)","line":7,"loc":{"start":{"line":7,"column":1974},"end":{"line":7,"column":1985}}},"19":{"name":"(anonymous_19)","line":7,"loc":{"start":{"line":7,"column":2200},"end":{"line":7,"column":2210}}},"20":{"name":"(anonymous_20)","line":7,"loc":{"start":{"line":7,"column":2400},"end":{"line":7,"column":2410}}},"21":{"name":"(anonymous_21)","line":7,"loc":{"start":{"line":7,"column":2472},"end":{"line":7,"column":2483}}},"22":{"name":"(anonymous_22)","line":7,"loc":{"start":{"line":7,"column":2676},"end":{"line":7,"column":2687}}},"23":{"name":"(anonymous_23)","line":7,"loc":{"start":{"line":7,"column":2882},"end":{"line":7,"column":2892}}},"24":{"name":"(anonymous_24)","line":7,"loc":{"start":{"line":7,"column":2924},"end":{"line":7,"column":2934}}},"25":{"name":"(anonymous_25)","line":7,"loc":{"start":{"line":7,"column":2948},"end":{"line":7,"column":2958}}},"26":{"name":"(anonymous_26)","line":7,"loc":{"start":{"line":7,"column":2976},"end":{"line":7,"column":2986}}},"27":{"name":"(anonymous_27)","line":7,"loc":{"start":{"line":7,"column":3066},"end":{"line":7,"column":3077}}},"28":{"name":"(anonymous_28)","line":7,"loc":{"start":{"line":7,"column":3104},"end":{"line":7,"column":3115}}},"29":{"name":"(anonymous_29)","line":7,"loc":{"start":{"line":7,"column":3429},"end":{"line":7,"column":3440}}},"30":{"name":"(anonymous_30)","line":7,"loc":{"start":{"line":7,"column":3489},"end":{"line":7,"column":3500}}},"31":{"name":"(anonymous_31)","line":7,"loc":{"start":{"line":7,"column":3589},"end":{"line":7,"column":3604}}},"32":{"name":"(anonymous_32)","line":7,"loc":{"start":{"line":7,"column":3707},"end":{"line":7,"column":3720}}},"33":{"name":"(anonymous_33)","line":7,"loc":{"start":{"line":7,"column":3727},"end":{"line":7,"column":3738}}},"34":{"name":"(anonymous_34)","line":7,"loc":{"start":{"line":7,"column":3863},"end":{"line":7,"column":3873}}},"35":{"name":"(anonymous_35)","line":7,"loc":{"start":{"line":7,"column":3908},"end":{"line":7,"column":3918}}},"36":{"name":"(anonymous_36)","line":7,"loc":{"start":{"line":7,"column":3937},"end":{"line":7,"column":3948}}}},"statementMap":{"1":{"start":{"line":1,"column":13},"end":{"line":1,"column":227}},"2":{"start":{"line":1,"column":97},"end":{"line":1,"column":112}},"3":{"start":{"line":1,"column":126},"end":{"line":1,"column":225}},"4":{"start":{"line":7,"column":0},"end":{"line":7,"column":4108}},"5":{"start":{"line":7,"column":15},"end":{"line":7,"column":216}},"6":{"start":{"line":7,"column":74},"end":{"line":7,"column":95}},"7":{"start":{"line":7,"column":273},"end":{"line":7,"column":397}},"8":{"start":{"line":7,"column":397},"end":{"line":7,"column":415}},"9":{"start":{"line":7,"column":403},"end":{"line":7,"column":415}},"10":{"start":{"line":7,"column":415},"end":{"line":7,"column":1688}},"11":{"start":{"line":7,"column":751},"end":{"line":7,"column":919}},"12":{"start":{"line":7,"column":825},"end":{"line":7,"column":847}},"13":{"start":{"line":7,"column":935},"end":{"line":7,"column":1013}},"14":{"start":{"line":7,"column":993},"end":{"line":7,"column":1013}},"15":{"start":{"line":7,"column":1013},"end":{"line":7,"column":1066}},"16":{"start":{"line":7,"column":1035},"end":{"line":7,"column":1064}},"17":{"start":{"line":7,"column":1081},"end":{"line":7,"column":1093}},"18":{"start":{"line":7,"column":1111},"end":{"line":7,"column":1169}},"19":{"start":{"line":7,"column":1184},"end":{"line":7,"column":1202}},"20":{"start":{"line":7,"column":1222},"end":{"line":7,"column":1313}},"21":{"start":{"line":7,"column":1329},"end":{"line":7,"column":1343}},"22":{"start":{"line":7,"column":1343},"end":{"line":7,"column":1666}},"23":{"start":{"line":7,"column":1373},"end":{"line":7,"column":1421}},"24":{"start":{"line":7,"column":1421},"end":{"line":7,"column":1665}},"25":{"start":{"line":7,"column":1453},"end":{"line":7,"column":1484}},"26":{"start":{"line":7,"column":1484},"end":{"line":7,"column":1664}},"27":{"start":{"line":7,"column":1490},"end":{"line":7,"column":1507}},"28":{"start":{"line":7,"column":1507},"end":{"line":7,"column":1663}},"29":{"start":{"line":7,"column":1666},"end":{"line":7,"column":1686}},"30":{"start":{"line":7,"column":1688},"end":{"line":7,"column":4105}},"31":{"start":{"line":7,"column":1715},"end":{"line":7,"column":1775}},"32":{"start":{"line":7,"column":1775},"end":{"line":7,"column":2668}},"33":{"start":{"line":7,"column":1904},"end":{"line":7,"column":1919}},"34":{"start":{"line":7,"column":1947},"end":{"line":7,"column":1962}},"35":{"start":{"line":7,"column":1986},"end":{"line":7,"column":2190}},"36":{"start":{"line":7,"column":2029},"end":{"line":7,"column":2049}},"37":{"start":{"line":7,"column":2049},"end":{"line":7,"column":2055}},"38":{"start":{"line":7,"column":2099},"end":{"line":7,"column":2189}},"39":{"start":{"line":7,"column":2211},"end":{"line":7,"column":2459}},"40":{"start":{"line":7,"column":2231},"end":{"line":7,"column":2260}},"41":{"start":{"line":7,"column":2260},"end":{"line":7,"column":2458}},"42":{"start":{"line":7,"column":2411},"end":{"line":7,"column":2430}},"43":{"start":{"line":7,"column":2484},"end":{"line":7,"column":2543}},"44":{"start":{"line":7,"column":2489},"end":{"line":7,"column":2543}},"45":{"start":{"line":7,"column":2543},"end":{"line":7,"column":2623}},"46":{"start":{"line":7,"column":2602},"end":{"line":7,"column":2623}},"47":{"start":{"line":7,"column":2623},"end":{"line":7,"column":2627}},"48":{"start":{"line":7,"column":2688},"end":{"line":7,"column":2835}},"49":{"start":{"line":7,"column":2835},"end":{"line":7,"column":2874}},"50":{"start":{"line":7,"column":2839},"end":{"line":7,"column":2848}},"51":{"start":{"line":7,"column":2858},"end":{"line":7,"column":2873}},"52":{"start":{"line":7,"column":2893},"end":{"line":7,"column":2916}},"53":{"start":{"line":7,"column":2935},"end":{"line":7,"column":2939}},"54":{"start":{"line":7,"column":2959},"end":{"line":7,"column":2968}},"55":{"start":{"line":7,"column":2987},"end":{"line":7,"column":3047}},"56":{"start":{"line":7,"column":3047},"end":{"line":7,"column":3052}},"57":{"start":{"line":7,"column":3078},"end":{"line":7,"column":3090}},"58":{"start":{"line":7,"column":3116},"end":{"line":7,"column":3122}},"59":{"start":{"line":7,"column":3122},"end":{"line":7,"column":3126}},"60":{"start":{"line":7,"column":3126},"end":{"line":7,"column":3412}},"61":{"start":{"line":7,"column":3141},"end":{"line":7,"column":3412}},"62":{"start":{"line":7,"column":3164},"end":{"line":7,"column":3412}},"63":{"start":{"line":7,"column":3204},"end":{"line":7,"column":3216}},"64":{"start":{"line":7,"column":3221},"end":{"line":7,"column":3364}},"65":{"start":{"line":7,"column":3314},"end":{"line":7,"column":3355}},"66":{"start":{"line":7,"column":3355},"end":{"line":7,"column":3363}},"67":{"start":{"line":7,"column":3364},"end":{"line":7,"column":3411}},"68":{"start":{"line":7,"column":3441},"end":{"line":7,"column":3575}},"69":{"start":{"line":7,"column":3501},"end":{"line":7,"column":3564}},"70":{"start":{"line":7,"column":3528},"end":{"line":7,"column":3564}},"71":{"start":{"line":7,"column":3555},"end":{"line":7,"column":3564}},"72":{"start":{"line":7,"column":3564},"end":{"line":7,"column":3572}},"73":{"start":{"line":7,"column":3605},"end":{"line":7,"column":3619}},"74":{"start":{"line":7,"column":3619},"end":{"line":7,"column":3690}},"75":{"start":{"line":7,"column":3721},"end":{"line":7,"column":3762}},"76":{"start":{"line":7,"column":3739},"end":{"line":7,"column":3760}},"77":{"start":{"line":7,"column":3762},"end":{"line":7,"column":3849}},"78":{"start":{"line":7,"column":3777},"end":{"line":7,"column":3849}},"79":{"start":{"line":7,"column":3874},"end":{"line":7,"column":3886}},"80":{"start":{"line":7,"column":3919},"end":{"line":7,"column":3927}},"81":{"start":{"line":7,"column":3949},"end":{"line":7,"column":4103}}},"branchMap":{"1":{"line":1,"type":"cond-expr","locations":[{"start":{"line":1,"column":85},"end":{"line":1,"column":113}},{"start":{"line":1,"column":114},"end":{"line":1,"column":226}}]},"2":{"line":1,"type":"binary-expr","locations":[{"start":{"line":1,"column":25},"end":{"line":1,"column":50}},{"start":{"line":1,"column":52},"end":{"line":1,"column":84}}]},"3":{"line":1,"type":"cond-expr","locations":[{"start":{"line":1,"column":208},"end":{"line":1,"column":216}},{"start":{"line":1,"column":217},"end":{"line":1,"column":225}}]},"4":{"line":1,"type":"binary-expr","locations":[{"start":{"line":1,"column":133},"end":{"line":1,"column":134}},{"start":{"line":1,"column":136},"end":{"line":1,"column":161}},{"start":{"line":1,"column":163},"end":{"line":1,"column":185}},{"start":{"line":1,"column":187},"end":{"line":1,"column":207}}]},"5":{"line":7,"type":"cond-expr","locations":[{"start":{"line":7,"column":53},"end":{"line":7,"column":97}},{"start":{"line":7,"column":98},"end":{"line":7,"column":216}}]},"6":{"line":7,"type":"binary-expr","locations":[{"start":{"line":7,"column":15},"end":{"line":7,"column":40}},{"start":{"line":7,"column":42},"end":{"line":7,"column":52}}]},"7":{"line":7,"type":"cond-expr","locations":[{"start":{"line":7,"column":182},"end":{"line":7,"column":201}},{"start":{"line":7,"column":202},"end":{"line":7,"column":216}}]},"8":{"line":7,"type":"binary-expr","locations":[{"start":{"line":7,"column":98},"end":{"line":7,"column":165}},{"start":{"line":7,"column":167},"end":{"line":7,"column":181}}]},"9":{"line":7,"type":"cond-expr","locations":[{"start":{"line":7,"column":137},"end":{"line":7,"column":148}},{"start":{"line":7,"column":149},"end":{"line":7,"column":164}}]},"10":{"line":7,"type":"cond-expr","locations":[{"start":{"line":7,"column":245},"end":{"line":7,"column":251}},{"start":{"line":7,"column":252},"end":{"line":7,"column":258}}]},"11":{"line":7,"type":"binary-expr","locations":[{"start":{"line":7,"column":281},"end":{"line":7,"column":300}},{"start":{"line":7,"column":302},"end":{"line":7,"column":327}},{"start":{"line":7,"column":329},"end":{"line":7,"column":351}},{"start":{"line":7,"column":353},"end":{"line":7,"column":374}},{"start":{"line":7,"column":376},"end":{"line":7,"column":396}}]},"12":{"line":7,"type":"if","locations":[{"start":{"line":7,"column":397},"end":{"line":7,"column":397}},{"start":{"line":7,"column":397},"end":{"line":7,"column":397}}]},"13":{"line":7,"type":"cond-expr","locations":[{"start":{"line":7,"column":834},"end":{"line":7,"column":835}},{"start":{"line":7,"column":836},"end":{"line":7,"column":847}}]},"14":{"line":7,"type":"cond-expr","locations":[{"start":{"line":7,"column":1135},"end":{"line":7,"column":1154}},{"start":{"line":7,"column":1155},"end":{"line":7,"column":1169}}]},"15":{"line":7,"type":"binary-expr","locations":[{"start":{"line":7,"column":1111},"end":{"line":7,"column":1131}},{"start":{"line":7,"column":1133},"end":{"line":7,"column":1134}}]},"16":{"line":7,"type":"binary-expr","locations":[{"start":{"line":7,"column":1149},"end":{"line":7,"column":1150}},{"start":{"line":7,"column":1152},"end":{"line":7,"column":1153}}]},"17":{"line":7,"type":"binary-expr","locations":[{"start":{"line":7,"column":1184},"end":{"line":7,"column":1187}},{"start":{"line":7,"column":1189},"end":{"line":7,"column":1202}}]},"18":{"line":7,"type":"binary-expr","locations":[{"start":{"line":7,"column":1270},"end":{"line":7,"column":1271}},{"start":{"line":7,"column":1273},"end":{"line":7,"column":1313}}]},"19":{"line":7,"type":"binary-expr","locations":[{"start":{"line":7,"column":1387},"end":{"line":7,"column":1388}},{"start":{"line":7,"column":1390},"end":{"line":7,"column":1420}}]},"20":{"line":7,"type":"if","locations":[{"start":{"line":7,"column":1484},"end":{"line":7,"column":1484}},{"start":{"line":7,"column":1484},"end":{"line":7,"column":1484}}]},"21":{"line":7,"type":"binary-expr","locations":[{"start":{"line":7,"column":1514},"end":{"line":7,"column":1515}},{"start":{"line":7,"column":1518},"end":{"line":7,"column":1594}}]},"22":{"line":7,"type":"binary-expr","locations":[{"start":{"line":7,"column":1562},"end":{"line":7,"column":1570}},{"start":{"line":7,"column":1572},"end":{"line":7,"column":1594}}]},"23":{"line":7,"type":"binary-expr","locations":[{"start":{"line":7,"column":1721},"end":{"line":7,"column":1760}},{"start":{"line":7,"column":1762},"end":{"line":7,"column":1774}}]},"24":{"line":7,"type":"binary-expr","locations":[{"start":{"line":7,"column":1723},"end":{"line":7,"column":1741}},{"start":{"line":7,"column":1743},"end":{"line":7,"column":1759}}]},"25":{"line":7,"type":"binary-expr","locations":[{"start":{"line":7,"column":1775},"end":{"line":7,"column":1776}},{"start":{"line":7,"column":1778},"end":{"line":7,"column":1785}},{"start":{"line":7,"column":1787},"end":{"line":7,"column":1796}}]},"26":{"line":7,"type":"switch","locations":[{"start":{"line":7,"column":2015},"end":{"line":7,"column":2055}},{"start":{"line":7,"column":2055},"end":{"line":7,"column":2073}},{"start":{"line":7,"column":2073},"end":{"line":7,"column":2189}}]},"27":{"line":7,"type":"cond-expr","locations":[{"start":{"line":7,"column":2131},"end":{"line":7,"column":2160}},{"start":{"line":7,"column":2161},"end":{"line":7,"column":2189}}]},"28":{"line":7,"type":"if","locations":[{"start":{"line":7,"column":2211},"end":{"line":7,"column":2211}},{"start":{"line":7,"column":2211},"end":{"line":7,"column":2211}}]},"29":{"line":7,"type":"binary-expr","locations":[{"start":{"line":7,"column":2265},"end":{"line":7,"column":2273}},{"start":{"line":7,"column":2275},"end":{"line":7,"column":2276}},{"start":{"line":7,"column":2278},"end":{"line":7,"column":2382}}]},"30":{"line":7,"type":"cond-expr","locations":[{"start":{"line":7,"column":2389},"end":{"line":7,"column":2438}},{"start":{"line":7,"column":2439},"end":{"line":7,"column":2458}}]},"31":{"line":7,"type":"if","locations":[{"start":{"line":7,"column":2484},"end":{"line":7,"column":2484}},{"start":{"line":7,"column":2484},"end":{"line":7,"column":2484}}]},"32":{"line":7,"type":"binary-expr","locations":[{"start":{"line":7,"column":2496},"end":{"line":7,"column":2497}},{"start":{"line":7,"column":2499},"end":{"line":7,"column":2539}}]},"33":{"line":7,"type":"binary-expr","locations":[{"start":{"line":7,"column":2629},"end":{"line":7,"column":2630}},{"start":{"line":7,"column":2633},"end":{"line":7,"column":2637}}]},"34":{"line":7,"type":"binary-expr","locations":[{"start":{"line":7,"column":2639},"end":{"line":7,"column":2647}},{"start":{"line":7,"column":2649},"end":{"line":7,"column":2668}}]},"35":{"line":7,"type":"binary-expr","locations":[{"start":{"line":7,"column":2694},"end":{"line":7,"column":2695}},{"start":{"line":7,"column":2697},"end":{"line":7,"column":2699}}]},"36":{"line":7,"type":"binary-expr","locations":[{"start":{"line":7,"column":2702},"end":{"line":7,"column":2714}},{"start":{"line":7,"column":2716},"end":{"line":7,"column":2726}}]},"37":{"line":7,"type":"binary-expr","locations":[{"start":{"line":7,"column":2729},"end":{"line":7,"column":2746}},{"start":{"line":7,"column":2748},"end":{"line":7,"column":2763}}]},"38":{"line":7,"type":"binary-expr","locations":[{"start":{"line":7,"column":2764},"end":{"line":7,"column":2780}},{"start":{"line":7,"column":2783},"end":{"line":7,"column":2810}}]},"39":{"line":7,"type":"binary-expr","locations":[{"start":{"line":7,"column":2858},"end":{"line":7,"column":2859}},{"start":{"line":7,"column":2861},"end":{"line":7,"column":2873}}]},"40":{"line":7,"type":"binary-expr","locations":[{"start":{"line":7,"column":2902},"end":{"line":7,"column":2905}},{"start":{"line":7,"column":2907},"end":{"line":7,"column":2916}}]},"41":{"line":7,"type":"binary-expr","locations":[{"start":{"line":7,"column":2993},"end":{"line":7,"column":3032}},{"start":{"line":7,"column":3034},"end":{"line":7,"column":3046}}]},"42":{"line":7,"type":"binary-expr","locations":[{"start":{"line":7,"column":2995},"end":{"line":7,"column":3013}},{"start":{"line":7,"column":3015},"end":{"line":7,"column":3031}}]},"43":{"line":7,"type":"if","locations":[{"start":{"line":7,"column":3141},"end":{"line":7,"column":3141}},{"start":{"line":7,"column":3141},"end":{"line":7,"column":3141}}]},"44":{"line":7,"type":"if","locations":[{"start":{"line":7,"column":3164},"end":{"line":7,"column":3164}},{"start":{"line":7,"column":3164},"end":{"line":7,"column":3164}}]},"45":{"line":7,"type":"binary-expr","locations":[{"start":{"line":7,"column":3169},"end":{"line":7,"column":3176}},{"start":{"line":7,"column":3178},"end":{"line":7,"column":3182}}]},"46":{"line":7,"type":"if","locations":[{"start":{"line":7,"column":3221},"end":{"line":7,"column":3221}},{"start":{"line":7,"column":3221},"end":{"line":7,"column":3221}}]},"47":{"line":7,"type":"binary-expr","locations":[{"start":{"line":7,"column":3226},"end":{"line":7,"column":3283}},{"start":{"line":7,"column":3285},"end":{"line":7,"column":3311}}]},"48":{"line":7,"type":"cond-expr","locations":[{"start":{"line":7,"column":3260},"end":{"line":7,"column":3271}},{"start":{"line":7,"column":3272},"end":{"line":7,"column":3282}}]},"49":{"line":7,"type":"binary-expr","locations":[{"start":{"line":7,"column":3314},"end":{"line":7,"column":3315}},{"start":{"line":7,"column":3317},"end":{"line":7,"column":3354}}]},"50":{"line":7,"type":"cond-expr","locations":[{"start":{"line":7,"column":3447},"end":{"line":7,"column":3451}},{"start":{"line":7,"column":3453},"end":{"line":7,"column":3574}}]},"51":{"line":7,"type":"cond-expr","locations":[{"start":{"line":7,"column":3472},"end":{"line":7,"column":3473}},{"start":{"line":7,"column":3474},"end":{"line":7,"column":3477}}]},"52":{"line":7,"type":"if","locations":[{"start":{"line":7,"column":3528},"end":{"line":7,"column":3528}},{"start":{"line":7,"column":3528},"end":{"line":7,"column":3528}}]},"53":{"line":7,"type":"binary-expr","locations":[{"start":{"line":7,"column":3611},"end":{"line":7,"column":3615}},{"start":{"line":7,"column":3617},"end":{"line":7,"column":3618}}]},"54":{"line":7,"type":"binary-expr","locations":[{"start":{"line":7,"column":3619},"end":{"line":7,"column":3639}},{"start":{"line":7,"column":3641},"end":{"line":7,"column":3649}},{"start":{"line":7,"column":3651},"end":{"line":7,"column":3690}}]},"55":{"line":7,"type":"binary-expr","locations":[{"start":{"line":7,"column":3681},"end":{"line":7,"column":3682}},{"start":{"line":7,"column":3684},"end":{"line":7,"column":3688}}]},"56":{"line":7,"type":"binary-expr","locations":[{"start":{"line":7,"column":3777},"end":{"line":7,"column":3796}},{"start":{"line":7,"column":3799},"end":{"line":7,"column":3804}},{"start":{"line":7,"column":3806},"end":{"line":7,"column":3811}},{"start":{"line":7,"column":3814},"end":{"line":7,"column":3847}}]},"57":{"line":7,"type":"cond-expr","locations":[{"start":{"line":7,"column":3820},"end":{"line":7,"column":3827}},{"start":{"line":7,"column":3828},"end":{"line":7,"column":3847}}]},"58":{"line":7,"type":"binary-expr","locations":[{"start":{"line":7,"column":3881},"end":{"line":7,"column":3882}},{"start":{"line":7,"column":3884},"end":{"line":7,"column":3886}}]},"59":{"line":7,"type":"cond-expr","locations":[{"start":{"line":7,"column":3973},"end":{"line":7,"column":4008}},{"start":{"line":7,"column":4010},"end":{"line":7,"column":4103}}]},"60":{"line":7,"type":"binary-expr","locations":[{"start":{"line":7,"column":3973},"end":{"line":7,"column":3989}},{"start":{"line":7,"column":3992},"end":{"line":7,"column":3997}}]},"61":{"line":7,"type":"binary-expr","locations":[{"start":{"line":7,"column":4015},"end":{"line":7,"column":4016}},{"start":{"line":7,"column":4018},"end":{"line":7,"column":4102}}]},"62":{"line":7,"type":"cond-expr","locations":[{"start":{"line":7,"column":4022},"end":{"line":7,"column":4059}},{"start":{"line":7,"column":4060},"end":{"line":7,"column":4101}}]}}}}